[LOG] System::create                           : Header version = 1.10.09. Current version = 1.10.09.
[LOG] Manager::init                            : maxchannels = 256 studioflags = 00000006 flags 00000000 extradriverdata 0000000000000000.
[LOG] SystemI::init                            : Initialize version=11009 (97915), maxchannels=256, flags=0x00020000
[LOG] SystemI::setOutputInternal               : Setting output to 'FMOD WASAPI Output'
[LOG] OutputWASAPI::init                       : Mix Format (WAVEFORMATEX): wFormatTag=0xFFFE, nChannels=6, nSamplesPerSec=96000, nAvgBytesPerSec=2304000, nBlockAlign=24, wBitsPerSample=32, cbSize=22.
[LOG] OutputWASAPI::init                       : Mix Format (WAVEFORMATEXTENSIBLE): wValidBitsPerSample=32, dwChannelMask=0x0000003F, SubFormat=00000003-0000-0010-8000-00AA00389B71.
[LOG] OutputWASAPI::init                       : Output buffer size: 8192 samples, latency: 0.00ms, period: 10.00ms, DSP buffer: 1024 * 4
[WRN] SystemI::init                            : Output requires a sample rate of 96000Hz, resampling will occur.
[LOG] DownMix::init                            : dspbuffersize: 1024  rate: 48000. output speaker mode: 6, input speaker mode 3
[LOG] DownMix::init                            : done.
[LOG] Thread::initThread                       : Init FMOD stream thread. Priority: 2, Stack Size: 65536, Semaphore: No, Sleep Time: 10, Looping: Yes.
[LOG] Thread::initThread                       : Init FMOD mixer thread. Priority: 3, Stack Size: 49152, Semaphore: No, Sleep Time: 0, Looping: Yes.
[LOG] AsyncManager::init                       : manager 000000007154D558 isAsync 0 updatePeriod 0.02
[LOG] AsyncManager::init                       : done
[LOG] PlaybackSystem::init                     : 
[LOG] Thread::initThread                       : Init FMOD Studio sample load thread. Priority: 0, Stack Size: 65536, Semaphore: No, Sleep Time: 1, Looping: No.
[LOG] PlaybackSystem::init                     : done
[LOG] Thread::initThread                       : Init FMOD Studio bank load thread. Priority: 0, Stack Size: 65536, Semaphore: No, Sleep Time: 1, Looping: No.
[LOG] Manager::init                            : done.
[LOG] Manager::readBank                        : fileversion = 80, compatVersion = 70 (oldest = 44, newest = 101)
[LOG] PlaybackSystem::acquireMasterBus         : Setting master channel group format to 6
[LOG] SystemI::createSoundInternal             : Create name='', mode=0x02000202
[LOG] SystemI::createSoundInternal             : exinfo->cbsize             = 232
[LOG] SystemI::createSoundInternal             : exinfo->length             = 1875424
[LOG] SystemI::createSoundInternal             : exinfo->fileoffset         = 28576
[LOG] SystemI::createSoundInternal             : exinfo->numsubsounds       = 1
[LOG] SystemI::createSoundInternal             : exinfo->inclusionlist      = 0000000065B0F5FC
[LOG] SystemI::createSoundInternal             : exinfo->inclusionlistnum   = 1
[LOG] SystemI::createSoundInternal             : exinfo->suggestedsoundtype = 5
[LOG] SystemI::createSoundInternal             : exinfo->useropen           = 00007FFFDC581220
[LOG] SystemI::createSoundInternal             : exinfo->userclose          = 00007FFFDC5811F0
[LOG] SystemI::createSoundInternal             : exinfo->userread           = 00007FFFDC5812F0
[LOG] SystemI::createSoundInternal             : exinfo->userseek           = 00007FFFDC5813B0
[LOG] SystemI::createSoundInternal             : exinfo->fileuserdata       = 00000000633146F8
[LOG] SystemI::createSoundInternal             : exinfo->initialseekpostype = 1
[LOG] SystemI::DSPCodecPoolRegister            : register codec pool for pool type 5
[LOG] SystemI::createSoundInternal             : Sample 0/1: name='Mortar_EXplosion_01', format=2, channels=2, frequency=48000, lengthbytes=21824, lengthpcm=96000, pcmblocksize=0, loopstart=0, loopend=0, mode=0x00000000, channelmask=0x00000000, channelorder=0, peakvolume=0.998138.
[LOG] SoundI::release                          :  (0000000061970B08)
[LOG] SoundI::release                          :     Mortar_EXplosion_01 (00000000626668C8)
[LOG] Manager::readBank                        : fileversion = 80, compatVersion = 70 (oldest = 44, newest = 101)
[LOG] PlaybackSystem::acquireMasterBus         : Setting master channel group format to 6
[LOG] SystemI::createSoundInternal             : Create name='', mode=0x02000202
[LOG] SystemI::createSoundInternal             : exinfo->cbsize             = 232
[LOG] SystemI::createSoundInternal             : exinfo->length             = 1875424
[LOG] SystemI::createSoundInternal             : exinfo->fileoffset         = 28576
[LOG] SystemI::createSoundInternal             : exinfo->numsubsounds       = 1
[LOG] SystemI::createSoundInternal             : exinfo->inclusionlist      = 0000000065B0F5FC
[LOG] SystemI::createSoundInternal             : exinfo->inclusionlistnum   = 1
[LOG] SystemI::createSoundInternal             : exinfo->suggestedsoundtype = 5
[LOG] SystemI::createSoundInternal             : exinfo->useropen           = 00007FFFDC581220
[LOG] SystemI::createSoundInternal             : exinfo->userclose          = 00007FFFDC5811F0
[LOG] SystemI::createSoundInternal             : exinfo->userread           = 00007FFFDC5812F0
[LOG] SystemI::createSoundInternal             : exinfo->userseek           = 00007FFFDC5813B0
[LOG] SystemI::createSoundInternal             : exinfo->fileuserdata       = 00000000633140C8
[LOG] SystemI::createSoundInternal             : exinfo->initialseekpostype = 1
[LOG] SystemI::DSPCodecPoolRegister            : register codec pool for pool type 5
[LOG] SystemI::createSoundInternal             : Sample 0/1: name='Mortar_EXplosion_01', format=2, channels=2, frequency=48000, lengthbytes=21824, lengthpcm=96000, pcmblocksize=0, loopstart=0, loopend=0, mode=0x00000000, channelmask=0x00000000, channelorder=0, peakvolume=0.998138.
[LOG] SoundI::release                          :  (0000000061970B08)
[LOG] SoundI::release                          :     Mortar_EXplosion_01 (0000000062667428)
[LOG] Manager::readBank                        : fileversion = 80, compatVersion = 70 (oldest = 44, newest = 101)
[LOG] PlaybackSystem::acquireMasterBus         : Setting master channel group format to 6
[LOG] SystemI::createSoundInternal             : Create name='', mode=0x02000202
[LOG] SystemI::createSoundInternal             : exinfo->cbsize             = 232
[LOG] SystemI::createSoundInternal             : exinfo->length             = 1875424
[LOG] SystemI::createSoundInternal             : exinfo->fileoffset         = 28576
[LOG] SystemI::createSoundInternal             : exinfo->numsubsounds       = 1
[LOG] SystemI::createSoundInternal             : exinfo->inclusionlist      = 0000000065B0F5FC
[LOG] SystemI::createSoundInternal             : exinfo->inclusionlistnum   = 1
[LOG] SystemI::createSoundInternal             : exinfo->suggestedsoundtype = 5
[LOG] SystemI::createSoundInternal             : exinfo->useropen           = 00007FFFDC581220
[LOG] SystemI::createSoundInternal             : exinfo->userclose          = 00007FFFDC5811F0
[LOG] SystemI::createSoundInternal             : exinfo->userread           = 00007FFFDC5812F0
[LOG] SystemI::createSoundInternal             : exinfo->userseek           = 00007FFFDC5813B0
[LOG] SystemI::createSoundInternal             : exinfo->fileuserdata       = 0000000063312E38
[LOG] SystemI::createSoundInternal             : exinfo->initialseekpostype = 1
[LOG] SystemI::DSPCodecPoolRegister            : register codec pool for pool type 5
[LOG] SystemI::createSoundInternal             : Sample 0/1: name='Mortar_EXplosion_01', format=2, channels=2, frequency=48000, lengthbytes=21824, lengthpcm=96000, pcmblocksize=0, loopstart=0, loopend=0, mode=0x00000000, channelmask=0x00000000, channelorder=0, peakvolume=0.998138.
[LOG] SoundI::release                          :  (0000000061970B08)
[LOG] SoundI::release                          :     Mortar_EXplosion_01 (0000000062669168)
[LOG] Manager::readBank                        : fileversion = 80, compatVersion = 70 (oldest = 44, newest = 101)
[LOG] PlaybackSystem::acquireMasterBus         : Setting master channel group format to 6
[LOG] SystemI::createSoundInternal             : Create name='', mode=0x02000202
[LOG] SystemI::createSoundInternal             : exinfo->cbsize             = 232
[LOG] SystemI::createSoundInternal             : exinfo->length             = 1875424
[LOG] SystemI::createSoundInternal             : exinfo->fileoffset         = 28576
[LOG] SystemI::createSoundInternal             : exinfo->numsubsounds       = 1
[LOG] SystemI::createSoundInternal             : exinfo->inclusionlist      = 0000000065B0F5FC
[LOG] SystemI::createSoundInternal             : exinfo->inclusionlistnum   = 1
[LOG] SystemI::createSoundInternal             : exinfo->suggestedsoundtype = 5
[LOG] SystemI::createSoundInternal             : exinfo->useropen           = 00007FFFDC581220
[LOG] SystemI::createSoundInternal             : exinfo->userclose          = 00007FFFDC5811F0
[LOG] SystemI::createSoundInternal             : exinfo->userread           = 00007FFFDC5812F0
[LOG] SystemI::createSoundInternal             : exinfo->userseek           = 00007FFFDC5813B0
[LOG] SystemI::createSoundInternal             : exinfo->fileuserdata       = 00000000633140C8
[LOG] SystemI::createSoundInternal             : exinfo->initialseekpostype = 1
[LOG] SystemI::DSPCodecPoolRegister            : register codec pool for pool type 5
[LOG] SystemI::createSoundInternal             : Sample 0/1: name='Mortar_EXplosion_01', format=2, channels=2, frequency=48000, lengthbytes=21824, lengthpcm=96000, pcmblocksize=0, loopstart=0, loopend=0, mode=0x00000000, channelmask=0x00000000, channelorder=0, peakvolume=0.998138.
[LOG] SoundI::release                          :  (0000000061970B08)
[LOG] SoundI::release                          :     Mortar_EXplosion_01 (0000000062669168)
[LOG] Manager::readBank                        : fileversion = 80, compatVersion = 70 (oldest = 44, newest = 101)
[LOG] PlaybackSystem::acquireMasterBus         : Setting master channel group format to 6
[LOG] SystemI::createSoundInternal             : Create name='', mode=0x02000202
[LOG] SystemI::createSoundInternal             : exinfo->cbsize             = 232
[LOG] SystemI::createSoundInternal             : exinfo->length             = 1875424
[LOG] SystemI::createSoundInternal             : exinfo->fileoffset         = 28576
[LOG] SystemI::createSoundInternal             : exinfo->numsubsounds       = 1
[LOG] SystemI::createSoundInternal             : exinfo->inclusionlist      = 0000000065B0F5FC
[LOG] SystemI::createSoundInternal             : exinfo->inclusionlistnum   = 1
[LOG] SystemI::createSoundInternal             : exinfo->suggestedsoundtype = 5
[LOG] SystemI::createSoundInternal             : exinfo->useropen           = 00007FFFDC581220
[LOG] SystemI::createSoundInternal             : exinfo->userclose          = 00007FFFDC5811F0
[LOG] SystemI::createSoundInternal             : exinfo->userread           = 00007FFFDC5812F0
[LOG] SystemI::createSoundInternal             : exinfo->userseek           = 00007FFFDC5813B0
[LOG] SystemI::createSoundInternal             : exinfo->fileuserdata       = 0000000063313A98
[LOG] SystemI::createSoundInternal             : exinfo->initialseekpostype = 1
[LOG] SystemI::DSPCodecPoolRegister            : register codec pool for pool type 5
[LOG] SystemI::createSoundInternal             : Sample 0/1: name='Mortar_EXplosion_01', format=2, channels=2, frequency=48000, lengthbytes=21824, lengthpcm=96000, pcmblocksize=0, loopstart=0, loopend=0, mode=0x00000000, channelmask=0x00000000, channelorder=0, peakvolume=0.998138.
[LOG] SoundI::release                          :  (0000000061971968)
[LOG] SoundI::release                          :     Mortar_EXplosion_01 (0000000062669168)
[LOG] Manager::readBank                        : fileversion = 101, compatVersion = 99 (oldest = 44, newest = 101)
[LOG] Manager::readBank                        : fileversion = 101, compatVersion = 99 (oldest = 44, newest = 101)
[LOG] Manager::readBank                        : fileversion = 101, compatVersion = 99 (oldest = 44, newest = 101)
[LOG] Manager::readBank                        : fileversion = 101, compatVersion = 99 (oldest = 44, newest = 101)
[LOG] Manager::readBank                        : fileversion = 101, compatVersion = 99 (oldest = 44, newest = 101)
[LOG] Manager::readBank                        : fileversion = 101, compatVersion = 99 (oldest = 44, newest = 101)
[LOG] PlaybackSystem::acquireMasterBus         : Setting master channel group format to 6
[LOG] Manager::readBank                        : fileversion = 101, compatVersion = 99 (oldest = 44, newest = 101)
[LOG] PlaybackSystem::acquireMasterBus         : Setting master channel group format to 6
[LOG] SystemI::createSoundInternal             : Create name='', mode=0x02000202
[LOG] SystemI::createSoundInternal             : exinfo->cbsize             = 232
[LOG] SystemI::createSoundInternal             : exinfo->length             = 1875424
[LOG] SystemI::createSoundInternal             : exinfo->fileoffset         = 30400
[LOG] SystemI::createSoundInternal             : exinfo->numsubsounds       = 1
[LOG] SystemI::createSoundInternal             : exinfo->inclusionlist      = 0000000065B0F5FC
[LOG] SystemI::createSoundInternal             : exinfo->inclusionlistnum   = 1
[LOG] SystemI::createSoundInternal             : exinfo->suggestedsoundtype = 5
[LOG] SystemI::createSoundInternal             : exinfo->useropen           = 00007FFFDC581220
[LOG] SystemI::createSoundInternal             : exinfo->userclose          = 00007FFFDC5811F0
[LOG] SystemI::createSoundInternal             : exinfo->userread           = 00007FFFDC5812F0
[LOG] SystemI::createSoundInternal             : exinfo->userseek           = 00007FFFDC5813B0
[LOG] SystemI::createSoundInternal             : exinfo->fileuserdata       = 00000000621D85F8
[LOG] SystemI::createSoundInternal             : exinfo->initialseekpostype = 1
[LOG] SystemI::DSPCodecPoolRegister            : register codec pool for pool type 5
[LOG] SystemI::createSoundInternal             : Sample 0/1: name='Mortar_EXplosion_01', format=2, channels=2, frequency=48000, lengthbytes=21824, lengthpcm=96000, pcmblocksize=0, loopstart=0, loopend=0, mode=0x00000000, channelmask=0x00000000, channelorder=0, peakvolume=0.998138.
[LOG] SoundI::release                          :  (000000003CD0CE38)
[LOG] SoundI::release                          :     Mortar_EXplosion_01 (00000000626668C8)
[LOG] Manager::readBank                        : fileversion = 101, compatVersion = 99 (oldest = 44, newest = 101)
[LOG] PlaybackSystem::acquireMasterBus         : Setting master channel group format to 6
[LOG] SystemI::createSoundInternal             : Create name='', mode=0x02000202
[LOG] SystemI::createSoundInternal             : exinfo->cbsize             = 232
[LOG] SystemI::createSoundInternal             : exinfo->length             = 1875424
[LOG] SystemI::createSoundInternal             : exinfo->fileoffset         = 30400
[LOG] SystemI::createSoundInternal             : exinfo->numsubsounds       = 1
[LOG] SystemI::createSoundInternal             : exinfo->inclusionlist      = 0000000065B0F5FC
[LOG] SystemI::createSoundInternal             : exinfo->inclusionlistnum   = 1
[LOG] SystemI::createSoundInternal             : exinfo->suggestedsoundtype = 5
[LOG] SystemI::createSoundInternal             : exinfo->useropen           = 00007FFFDC581220
[LOG] SystemI::createSoundInternal             : exinfo->userclose          = 00007FFFDC5811F0
[LOG] SystemI::createSoundInternal             : exinfo->userread           = 00007FFFDC5812F0
[LOG] SystemI::createSoundInternal             : exinfo->userseek           = 00007FFFDC5813B0
[LOG] SystemI::createSoundInternal             : exinfo->fileuserdata       = 00000000633140C8
[LOG] SystemI::createSoundInternal             : exinfo->initialseekpostype = 1
[LOG] SystemI::DSPCodecPoolRegister            : register codec pool for pool type 5
[LOG] SystemI::createSoundInternal             : Sample 0/1: name='SFX_Bumper_01', format=2, channels=2, frequency=48000, lengthbytes=10208, lengthpcm=44423, pcmblocksize=0, loopstart=0, loopend=0, mode=0x00000000, channelmask=0x00000000, channelorder=0, peakvolume=0.999969.
[LOG] SoundI::release                          :  (00000000637B9528)
[LOG] SoundI::release                          :     SFX_Bumper_01 (0000000062666588)
[LOG] Manager::readBank                        : fileversion = 101, compatVersion = 99 (oldest = 44, newest = 101)
[LOG] PlaybackSystem::acquireMasterBus         : Setting master channel group format to 6
[LOG] SystemI::createSoundInternal             : Create name='', mode=0x02000202
[LOG] SystemI::createSoundInternal             : exinfo->cbsize             = 232
[LOG] SystemI::createSoundInternal             : exinfo->length             = 1875424
[LOG] SystemI::createSoundInternal             : exinfo->fileoffset         = 30400
[LOG] SystemI::createSoundInternal             : exinfo->numsubsounds       = 1
[LOG] SystemI::createSoundInternal             : exinfo->inclusionlist      = 0000000065B0F5FC
[LOG] SystemI::createSoundInternal             : exinfo->inclusionlistnum   = 1
[LOG] SystemI::createSoundInternal             : exinfo->suggestedsoundtype = 5
[LOG] SystemI::createSoundInternal             : exinfo->useropen           = 00007FFFDC581220
[LOG] SystemI::createSoundInternal             : exinfo->userclose          = 00007FFFDC5811F0
[LOG] SystemI::createSoundInternal             : exinfo->userread           = 00007FFFDC5812F0
[LOG] SystemI::createSoundInternal             : exinfo->userseek           = 00007FFFDC5813B0
[LOG] SystemI::createSoundInternal             : exinfo->fileuserdata       = 0000000063313A98
[LOG] SystemI::createSoundInternal             : exinfo->initialseekpostype = 1
[LOG] SystemI::DSPCodecPoolRegister            : register codec pool for pool type 5
[LOG] SystemI::createSoundInternal             : Sample 0/1: name='SFX_Bumper_01', format=2, channels=2, frequency=48000, lengthbytes=10208, lengthpcm=44423, pcmblocksize=0, loopstart=0, loopend=0, mode=0x00000000, channelmask=0x00000000, channelorder=0, peakvolume=0.999969.
[LOG] SoundI::release                          :  (00000000637B8F68)
[LOG] SoundI::release                          :     SFX_Bumper_01 (0000000062667AA8)
[LOG] Thread::callback                         : FMOD Studio bank load thread finished.
[LOG] Thread::callback                         : FMOD Studio sample load thread finished.
[LOG] LiveUpdate::release                      : 
[LOG] LiveUpdate::reset                        : Reset connection (reason Disconnected)
[LOG] Thread::callback                         : FMOD stream thread finished.
[LOG] Thread::callback                         : FMOD mixer thread finished.
[LOG] SystemI::close                           : Closed.
